<?xml version="1.0" encoding="UTF-8"?>
<!-- Generated by org.testng.reporters.JUnitReportReporter -->
<testsuite skipped="2" hostname="DESKTOP-SFFRAMESH" name="qa.crm.qa.test.LoginPageTest" tests="3" failures="0" timestamp="2020-04-02T13:42:19 IST" time="55.991" errors="0">
  <testcase name="loginTest" time="55.991" classname="qa.crm.qa.test.LoginPageTest"/>
  <testcase name="loginPageTitleTest" classname="qa.crm.qa.test.LoginPageTest">
    <skipped/>
  </testcase> <!-- loginPageTitleTest -->
  <testcase name="crmLogoImageTest" classname="qa.crm.qa.test.LoginPageTest">
    <skipped/>
  </testcase> <!-- crmLogoImageTest -->
</testsuite> <!-- qa.crm.qa.test.LoginPageTest -->
