<?xml version="1.0" encoding="UTF-8"?>
<!-- Generated by org.testng.reporters.JUnitReportReporter -->
<testsuite skipped="0" hostname="DESKTOP-SFFRAMESH" name="qa.crm.qa.test.HomePageTest" tests="3" failures="0" timestamp="2020-04-02T13:42:19 IST" time="101.470" errors="0">
  <testcase name="verifyHomePageTitleTest" time="36.578" classname="qa.crm.qa.test.HomePageTest"/>
  <testcase name="verifyUserNameTest" time="25.739" classname="qa.crm.qa.test.HomePageTest"/>
  <testcase name="verifyContactsLinkTest" time="39.153" classname="qa.crm.qa.test.HomePageTest"/>
</testsuite> <!-- qa.crm.qa.test.HomePageTest -->
